{"C:\\Users\\LENOVO\\Documents\\cohort-9-mern-15275-muhammad\\frontend\\src\\components\\Cards\\NoteCard.jsx": {"path":"C:\\Users\\LENOVO\\Documents\\cohort-9-mern-15275-muhammad\\frontend\\src\\components\\Cards\\NoteCard.jsx","statementMap":{"0":{"start":{"line":7,"column":24},"end":{"line":44,"column":1}},"1":{"start":{"line":46,"column":17},"end":{"line":112,"column":1}},"2":{"start":{"line":58,"column":21},"end":{"line":58,"column":74}},"3":{"start":{"line":59,"column":2},"end":{"line":111,"column":4}},"4":{"start":{"line":90,"column":14},"end":{"line":95,"column":21}}},"fnMap":{"0":{"name":"(anonymous_0)","decl":{"start":{"line":46,"column":17},"end":{"line":46,"column":18}},"loc":{"start":{"line":57,"column":6},"end":{"line":112,"column":1}},"line":57},"1":{"name":"(anonymous_1)","decl":{"start":{"line":89,"column":22},"end":{"line":89,"column":23}},"loc":{"start":{"line":90,"column":14},"end":{"line":95,"column":21}},"line":90}},"branchMap":{"0":{"loc":{"start":{"line":58,"column":21},"end":{"line":58,"column":74}},"type":"binary-expr","locations":[{"start":{"line":58,"column":21},"end":{"line":58,"column":47}},{"start":{"line":58,"column":51},"end":{"line":58,"column":74}}],"line":58},"1":{"loc":{"start":{"line":74,"column":14},"end":{"line":76,"column":57}},"type":"cond-expr","locations":[{"start":{"line":75,"column":18},"end":{"line":75,"column":32}},{"start":{"line":76,"column":18},"end":{"line":76,"column":57}}],"line":74},"2":{"loc":{"start":{"line":87,"column":9},"end":{"line":98,"column":9}},"type":"binary-expr","locations":[{"start":{"line":87,"column":9},"end":{"line":87,"column":25}},{"start":{"line":88,"column":10},"end":{"line":97,"column":16}}],"line":87}},"s":{"0":1,"1":1,"2":2,"3":2,"4":2},"f":{"0":2,"1":2},"b":{"0":[2,0],"1":[0,2],"2":[2,2]},"_coverageSchema":"1a1c01bbd47fc00a2c39e90264f33305004495a9","hash":"2cd87ac043e38c3522a7da935cb3166b3fd27357"}
,"C:\\Users\\LENOVO\\Documents\\cohort-9-mern-15275-muhammad\\frontend\\src\\components\\Cards\\ProfileInfo.jsx": {"path":"C:\\Users\\LENOVO\\Documents\\cohort-9-mern-15275-muhammad\\frontend\\src\\components\\Cards\\ProfileInfo.jsx","statementMap":{"0":{"start":{"line":4,"column":20},"end":{"line":22,"column":1}},"1":{"start":{"line":5,"column":2},"end":{"line":21,"column":4}}},"fnMap":{"0":{"name":"(anonymous_0)","decl":{"start":{"line":4,"column":20},"end":{"line":4,"column":21}},"loc":{"start":{"line":4,"column":48},"end":{"line":22,"column":1}},"line":4}},"branchMap":{},"s":{"0":1,"1":2},"f":{"0":2},"b":{},"_coverageSchema":"1a1c01bbd47fc00a2c39e90264f33305004495a9","hash":"7cc5d053252822b27eb679aff49d42c0ba994056"}
,"C:\\Users\\LENOVO\\Documents\\cohort-9-mern-15275-muhammad\\frontend\\src\\components\\EmptyCard\\EmptyCard.jsx": {"path":"C:\\Users\\LENOVO\\Documents\\cohort-9-mern-15275-muhammad\\frontend\\src\\components\\EmptyCard\\EmptyCard.jsx","statementMap":{"0":{"start":{"line":3,"column":18},"end":{"line":17,"column":1}},"1":{"start":{"line":4,"column":2},"end":{"line":16,"column":4}}},"fnMap":{"0":{"name":"(anonymous_0)","decl":{"start":{"line":3,"column":18},"end":{"line":3,"column":19}},"loc":{"start":{"line":3,"column":43},"end":{"line":17,"column":1}},"line":3}},"branchMap":{},"s":{"0":1,"1":1},"f":{"0":1},"b":{},"_coverageSchema":"1a1c01bbd47fc00a2c39e90264f33305004495a9","hash":"c1701c1d2706d9bd83b73224ff5246a250f10896"}
,"C:\\Users\\LENOVO\\Documents\\cohort-9-mern-15275-muhammad\\frontend\\src\\components\\Input\\PasswordInput.jsx": {"path":"C:\\Users\\LENOVO\\Documents\\cohort-9-mern-15275-muhammad\\frontend\\src\\components\\Input\\PasswordInput.jsx","statementMap":{"0":{"start":{"line":4,"column":22},"end":{"line":36,"column":1}},"1":{"start":{"line":5,"column":46},"end":{"line":5,"column":61}},"2":{"start":{"line":7,"column":29},"end":{"line":9,"column":3}},"3":{"start":{"line":8,"column":4},"end":{"line":8,"column":39}},"4":{"start":{"line":11,"column":2},"end":{"line":35,"column":4}},"5":{"start":{"line":25,"column":25},"end":{"line":25,"column":45}},"6":{"start":{"line":31,"column":25},"end":{"line":31,"column":45}}},"fnMap":{"0":{"name":"(anonymous_0)","decl":{"start":{"line":4,"column":22},"end":{"line":4,"column":23}},"loc":{"start":{"line":4,"column":60},"end":{"line":36,"column":1}},"line":4},"1":{"name":"(anonymous_1)","decl":{"start":{"line":7,"column":29},"end":{"line":7,"column":30}},"loc":{"start":{"line":7,"column":35},"end":{"line":9,"column":3}},"line":7},"2":{"name":"(anonymous_2)","decl":{"start":{"line":25,"column":19},"end":{"line":25,"column":20}},"loc":{"start":{"line":25,"column":25},"end":{"line":25,"column":45}},"line":25},"3":{"name":"(anonymous_3)","decl":{"start":{"line":31,"column":19},"end":{"line":31,"column":20}},"loc":{"start":{"line":31,"column":25},"end":{"line":31,"column":45}},"line":31}},"branchMap":{"0":{"loc":{"start":{"line":16,"column":14},"end":{"line":16,"column":50}},"type":"cond-expr","locations":[{"start":{"line":16,"column":31},"end":{"line":16,"column":37}},{"start":{"line":16,"column":40},"end":{"line":16,"column":50}}],"line":16},"1":{"loc":{"start":{"line":17,"column":21},"end":{"line":17,"column":46}},"type":"binary-expr","locations":[{"start":{"line":17,"column":21},"end":{"line":17,"column":32}},{"start":{"line":17,"column":36},"end":{"line":17,"column":46}}],"line":17},"2":{"loc":{"start":{"line":21,"column":7},"end":{"line":33,"column":7}},"type":"cond-expr","locations":[{"start":{"line":22,"column":8},"end":{"line":26,"column":10}},{"start":{"line":28,"column":8},"end":{"line":32,"column":10}}],"line":21}},"s":{"0":2,"1":160,"2":160,"3":2,"4":160,"5":1,"6":1},"f":{"0":160,"1":2,"2":1,"3":1},"b":{"0":[1,159],"1":[160,160],"2":[1,159]},"_coverageSchema":"1a1c01bbd47fc00a2c39e90264f33305004495a9","hash":"652c004ec8aa57bcce5685bc8e75b6b53a72a4a3"}
,"C:\\Users\\LENOVO\\Documents\\cohort-9-mern-15275-muhammad\\frontend\\src\\components\\Input\\TagInput.jsx": {"path":"C:\\Users\\LENOVO\\Documents\\cohort-9-mern-15275-muhammad\\frontend\\src\\components\\Input\\TagInput.jsx","statementMap":{"0":{"start":{"line":4,"column":17},"end":{"line":70,"column":1}},"1":{"start":{"line":5,"column":38},"end":{"line":5,"column":50}},"2":{"start":{"line":7,"column":28},"end":{"line":9,"column":3}},"3":{"start":{"line":8,"column":4},"end":{"line":8,"column":34}},"4":{"start":{"line":11,"column":20},"end":{"line":16,"column":3}},"5":{"start":{"line":12,"column":4},"end":{"line":15,"column":5}},"6":{"start":{"line":13,"column":6},"end":{"line":13,"column":44}},"7":{"start":{"line":14,"column":6},"end":{"line":14,"column":24}},"8":{"start":{"line":18,"column":24},"end":{"line":22,"column":3}},"9":{"start":{"line":19,"column":4},"end":{"line":21,"column":5}},"10":{"start":{"line":20,"column":6},"end":{"line":20,"column":18}},"11":{"start":{"line":24,"column":26},"end":{"line":26,"column":3}},"12":{"start":{"line":25,"column":4},"end":{"line":25,"column":55}},"13":{"start":{"line":25,"column":33},"end":{"line":25,"column":52}},"14":{"start":{"line":28,"column":2},"end":{"line":69,"column":4}},"15":{"start":{"line":33,"column":12},"end":{"line":45,"column":19}},"16":{"start":{"line":40,"column":18},"end":{"line":40,"column":39}},"17":{"start":{"line":62,"column":12},"end":{"line":62,"column":24}}},"fnMap":{"0":{"name":"(anonymous_0)","decl":{"start":{"line":4,"column":17},"end":{"line":4,"column":18}},"loc":{"start":{"line":4,"column":40},"end":{"line":70,"column":1}},"line":4},"1":{"name":"(anonymous_1)","decl":{"start":{"line":7,"column":28},"end":{"line":7,"column":29}},"loc":{"start":{"line":7,"column":35},"end":{"line":9,"column":3}},"line":7},"2":{"name":"(anonymous_2)","decl":{"start":{"line":11,"column":20},"end":{"line":11,"column":21}},"loc":{"start":{"line":11,"column":26},"end":{"line":16,"column":3}},"line":11},"3":{"name":"(anonymous_3)","decl":{"start":{"line":18,"column":24},"end":{"line":18,"column":25}},"loc":{"start":{"line":18,"column":31},"end":{"line":22,"column":3}},"line":18},"4":{"name":"(anonymous_4)","decl":{"start":{"line":24,"column":26},"end":{"line":24,"column":27}},"loc":{"start":{"line":24,"column":43},"end":{"line":26,"column":3}},"line":24},"5":{"name":"(anonymous_5)","decl":{"start":{"line":25,"column":24},"end":{"line":25,"column":25}},"loc":{"start":{"line":25,"column":33},"end":{"line":25,"column":52}},"line":25},"6":{"name":"(anonymous_6)","decl":{"start":{"line":32,"column":20},"end":{"line":32,"column":21}},"loc":{"start":{"line":33,"column":12},"end":{"line":45,"column":19}},"line":33},"7":{"name":"(anonymous_7)","decl":{"start":{"line":39,"column":25},"end":{"line":39,"column":26}},"loc":{"start":{"line":39,"column":31},"end":{"line":41,"column":17}},"line":39},"8":{"name":"(anonymous_8)","decl":{"start":{"line":61,"column":19},"end":{"line":61,"column":20}},"loc":{"start":{"line":61,"column":25},"end":{"line":63,"column":11}},"line":61}},"branchMap":{"0":{"loc":{"start":{"line":12,"column":4},"end":{"line":15,"column":5}},"type":"if","locations":[{"start":{"line":12,"column":4},"end":{"line":15,"column":5}},{"start":{},"end":{}}],"line":12},"1":{"loc":{"start":{"line":19,"column":4},"end":{"line":21,"column":5}},"type":"if","locations":[{"start":{"line":19,"column":4},"end":{"line":21,"column":5}},{"start":{},"end":{}}],"line":19},"2":{"loc":{"start":{"line":30,"column":7},"end":{"line":48,"column":7}},"type":"binary-expr","locations":[{"start":{"line":30,"column":7},"end":{"line":30,"column":23}},{"start":{"line":31,"column":8},"end":{"line":47,"column":14}}],"line":30}},"s":{"0":2,"1":48,"2":48,"3":17,"4":48,"5":2,"6":2,"7":2,"8":48,"9":18,"10":1,"11":48,"12":1,"13":2,"14":48,"15":4,"16":1,"17":1},"f":{"0":48,"1":17,"2":2,"3":18,"4":1,"5":2,"6":4,"7":1,"8":1},"b":{"0":[2,0],"1":[1,17],"2":[48,3]},"_coverageSchema":"1a1c01bbd47fc00a2c39e90264f33305004495a9","hash":"57f1f62cb69fea4d0831745374c8aec1c1c11678"}
,"C:\\Users\\LENOVO\\Documents\\cohort-9-mern-15275-muhammad\\frontend\\src\\components\\SearchBar\\SearchBar.jsx": {"path":"C:\\Users\\LENOVO\\Documents\\cohort-9-mern-15275-muhammad\\frontend\\src\\components\\SearchBar\\SearchBar.jsx","statementMap":{"0":{"start":{"line":5,"column":18},"end":{"line":34,"column":1}},"1":{"start":{"line":6,"column":2},"end":{"line":33,"column":4}},"2":{"start":{"line":15,"column":10},"end":{"line":17,"column":11}},"3":{"start":{"line":16,"column":12},"end":{"line":16,"column":27}}},"fnMap":{"0":{"name":"(anonymous_0)","decl":{"start":{"line":5,"column":18},"end":{"line":5,"column":19}},"loc":{"start":{"line":5,"column":72},"end":{"line":34,"column":1}},"line":5},"1":{"name":"(anonymous_1)","decl":{"start":{"line":14,"column":19},"end":{"line":14,"column":20}},"loc":{"start":{"line":14,"column":26},"end":{"line":18,"column":9}},"line":14}},"branchMap":{"0":{"loc":{"start":{"line":15,"column":10},"end":{"line":17,"column":11}},"type":"if","locations":[{"start":{"line":15,"column":10},"end":{"line":17,"column":11}},{"start":{},"end":{}}],"line":15},"1":{"loc":{"start":{"line":21,"column":7},"end":{"line":26,"column":7}},"type":"binary-expr","locations":[{"start":{"line":21,"column":7},"end":{"line":21,"column":12}},{"start":{"line":22,"column":8},"end":{"line":25,"column":10}}],"line":21}},"s":{"0":1,"1":3,"2":1,"3":1},"f":{"0":3,"1":1},"b":{"0":[1,0],"1":[3,2]},"_coverageSchema":"1a1c01bbd47fc00a2c39e90264f33305004495a9","hash":"fe418bd8bcea311204cbb6dae8e1c08f50ac2889"}
,"C:\\Users\\LENOVO\\Documents\\cohort-9-mern-15275-muhammad\\frontend\\src\\components\\ToastMessage\\Toast.jsx": {"path":"C:\\Users\\LENOVO\\Documents\\cohort-9-mern-15275-muhammad\\frontend\\src\\components\\ToastMessage\\Toast.jsx","statementMap":{"0":{"start":{"line":5,"column":14},"end":{"line":44,"column":1}},"1":{"start":{"line":6,"column":2},"end":{"line":14,"column":25}},"2":{"start":{"line":7,"column":4},"end":{"line":7,"column":25}},"3":{"start":{"line":7,"column":18},"end":{"line":7,"column":25}},"4":{"start":{"line":9,"column":22},"end":{"line":11,"column":12}},"5":{"start":{"line":10,"column":6},"end":{"line":10,"column":16}},"6":{"start":{"line":13,"column":4},"end":{"line":13,"column":41}},"7":{"start":{"line":13,"column":17},"end":{"line":13,"column":40}},"8":{"start":{"line":15,"column":2},"end":{"line":43,"column":4}}},"fnMap":{"0":{"name":"(anonymous_0)","decl":{"start":{"line":5,"column":14},"end":{"line":5,"column":15}},"loc":{"start":{"line":5,"column":55},"end":{"line":44,"column":1}},"line":5},"1":{"name":"(anonymous_1)","decl":{"start":{"line":6,"column":12},"end":{"line":6,"column":13}},"loc":{"start":{"line":6,"column":18},"end":{"line":14,"column":3}},"line":6},"2":{"name":"(anonymous_2)","decl":{"start":{"line":9,"column":33},"end":{"line":9,"column":34}},"loc":{"start":{"line":9,"column":39},"end":{"line":11,"column":5}},"line":9},"3":{"name":"(anonymous_3)","decl":{"start":{"line":13,"column":11},"end":{"line":13,"column":12}},"loc":{"start":{"line":13,"column":17},"end":{"line":13,"column":40}},"line":13}},"branchMap":{"0":{"loc":{"start":{"line":7,"column":4},"end":{"line":7,"column":25}},"type":"if","locations":[{"start":{"line":7,"column":4},"end":{"line":7,"column":25}},{"start":{},"end":{}}],"line":7},"1":{"loc":{"start":{"line":18,"column":8},"end":{"line":18,"column":65}},"type":"cond-expr","locations":[{"start":{"line":18,"column":18},"end":{"line":18,"column":31}},{"start":{"line":18,"column":34},"end":{"line":18,"column":65}}],"line":18},"2":{"loc":{"start":{"line":23,"column":10},"end":{"line":23,"column":71}},"type":"cond-expr","locations":[{"start":{"line":23,"column":30},"end":{"line":23,"column":48}},{"start":{"line":23,"column":51},"end":{"line":23,"column":71}}],"line":23},"3":{"loc":{"start":{"line":29,"column":14},"end":{"line":29,"column":61}},"type":"cond-expr","locations":[{"start":{"line":29,"column":34},"end":{"line":29,"column":45}},{"start":{"line":29,"column":48},"end":{"line":29,"column":61}}],"line":29},"4":{"loc":{"start":{"line":32,"column":13},"end":{"line":36,"column":13}},"type":"cond-expr","locations":[{"start":{"line":33,"column":14},"end":{"line":33,"column":66}},{"start":{"line":35,"column":14},"end":{"line":35,"column":60}}],"line":32}},"s":{"0":1,"1":2,"2":2,"3":0,"4":2,"5":1,"6":2,"7":2,"8":2},"f":{"0":2,"1":2,"2":1,"3":2},"b":{"0":[0,2],"1":[2,0],"2":[1,1],"3":[1,1],"4":[1,1]},"_coverageSchema":"1a1c01bbd47fc00a2c39e90264f33305004495a9","hash":"14ecf77d8e3410f49df40b259b7593f3b53fe870"}
,"C:\\Users\\LENOVO\\Documents\\cohort-9-mern-15275-muhammad\\frontend\\src\\pages\\Home\\AddEditNotes.jsx": {"path":"C:\\Users\\LENOVO\\Documents\\cohort-9-mern-15275-muhammad\\frontend\\src\\pages\\Home\\AddEditNotes.jsx","statementMap":{"0":{"start":{"line":8,"column":21},"end":{"line":190,"column":1}},"1":{"start":{"line":9,"column":28},"end":{"line":9,"column":59}},"2":{"start":{"line":10,"column":32},"end":{"line":10,"column":65}},"3":{"start":{"line":11,"column":26},"end":{"line":11,"column":56}},"4":{"start":{"line":13,"column":28},"end":{"line":13,"column":42}},"5":{"start":{"line":15,"column":17},"end":{"line":22,"column":4}},"6":{"start":{"line":20,"column":6},"end":{"line":20,"column":35}},"7":{"start":{"line":24,"column":21},"end":{"line":46,"column":3}},"8":{"start":{"line":25,"column":4},"end":{"line":45,"column":5}},"9":{"start":{"line":26,"column":23},"end":{"line":30,"column":8}},"10":{"start":{"line":32,"column":6},"end":{"line":36,"column":7}},"11":{"start":{"line":33,"column":8},"end":{"line":33,"column":59}},"12":{"start":{"line":34,"column":8},"end":{"line":34,"column":22}},"13":{"start":{"line":35,"column":8},"end":{"line":35,"column":18}},"14":{"start":{"line":38,"column":6},"end":{"line":44,"column":7}},"15":{"start":{"line":43,"column":8},"end":{"line":43,"column":46}},"16":{"start":{"line":48,"column":19},"end":{"line":71,"column":3}},"17":{"start":{"line":49,"column":19},"end":{"line":49,"column":31}},"18":{"start":{"line":50,"column":4},"end":{"line":70,"column":5}},"19":{"start":{"line":51,"column":23},"end":{"line":55,"column":8}},"20":{"start":{"line":57,"column":6},"end":{"line":61,"column":7}},"21":{"start":{"line":58,"column":8},"end":{"line":58,"column":61}},"22":{"start":{"line":59,"column":8},"end":{"line":59,"column":22}},"23":{"start":{"line":60,"column":8},"end":{"line":60,"column":18}},"24":{"start":{"line":63,"column":6},"end":{"line":69,"column":7}},"25":{"start":{"line":68,"column":8},"end":{"line":68,"column":46}},"26":{"start":{"line":73,"column":24},"end":{"line":89,"column":3}},"27":{"start":{"line":74,"column":4},"end":{"line":77,"column":5}},"28":{"start":{"line":75,"column":6},"end":{"line":75,"column":41}},"29":{"start":{"line":76,"column":6},"end":{"line":76,"column":13}},"30":{"start":{"line":78,"column":4},"end":{"line":81,"column":5}},"31":{"start":{"line":79,"column":6},"end":{"line":79,"column":43}},"32":{"start":{"line":80,"column":6},"end":{"line":80,"column":13}},"33":{"start":{"line":82,"column":4},"end":{"line":82,"column":17}},"34":{"start":{"line":84,"column":4},"end":{"line":88,"column":5}},"35":{"start":{"line":85,"column":6},"end":{"line":85,"column":17}},"36":{"start":{"line":87,"column":6},"end":{"line":87,"column":19}},"37":{"start":{"line":90,"column":2},"end":{"line":189,"column":4}},"38":{"start":{"line":108,"column":36},"end":{"line":108,"column":58}},"39":{"start":{"line":119,"column":29},"end":{"line":119,"column":71}},"40":{"start":{"line":131,"column":29},"end":{"line":131,"column":73}},"41":{"start":{"line":143,"column":29},"end":{"line":143,"column":77}},"42":{"start":{"line":155,"column":29},"end":{"line":155,"column":78}}},"fnMap":{"0":{"name":"(anonymous_0)","decl":{"start":{"line":8,"column":21},"end":{"line":8,"column":22}},"loc":{"start":{"line":8,"column":85},"end":{"line":190,"column":1}},"line":8},"1":{"name":"(anonymous_1)","decl":{"start":{"line":19,"column":14},"end":{"line":19,"column":15}},"loc":{"start":{"line":19,"column":30},"end":{"line":21,"column":5}},"line":19},"2":{"name":"(anonymous_2)","decl":{"start":{"line":24,"column":21},"end":{"line":24,"column":22}},"loc":{"start":{"line":24,"column":33},"end":{"line":46,"column":3}},"line":24},"3":{"name":"(anonymous_3)","decl":{"start":{"line":48,"column":19},"end":{"line":48,"column":20}},"loc":{"start":{"line":48,"column":31},"end":{"line":71,"column":3}},"line":48},"4":{"name":"(anonymous_4)","decl":{"start":{"line":73,"column":24},"end":{"line":73,"column":25}},"loc":{"start":{"line":73,"column":30},"end":{"line":89,"column":3}},"line":73},"5":{"name":"(anonymous_5)","decl":{"start":{"line":108,"column":20},"end":{"line":108,"column":21}},"loc":{"start":{"line":108,"column":36},"end":{"line":108,"column":58}},"line":108},"6":{"name":"(anonymous_6)","decl":{"start":{"line":119,"column":23},"end":{"line":119,"column":24}},"loc":{"start":{"line":119,"column":29},"end":{"line":119,"column":71}},"line":119},"7":{"name":"(anonymous_7)","decl":{"start":{"line":131,"column":23},"end":{"line":131,"column":24}},"loc":{"start":{"line":131,"column":29},"end":{"line":131,"column":73}},"line":131},"8":{"name":"(anonymous_8)","decl":{"start":{"line":143,"column":23},"end":{"line":143,"column":24}},"loc":{"start":{"line":143,"column":29},"end":{"line":143,"column":77}},"line":143},"9":{"name":"(anonymous_9)","decl":{"start":{"line":155,"column":23},"end":{"line":155,"column":24}},"loc":{"start":{"line":155,"column":29},"end":{"line":155,"column":78}},"line":155}},"branchMap":{"0":{"loc":{"start":{"line":9,"column":37},"end":{"line":9,"column":58}},"type":"binary-expr","locations":[{"start":{"line":9,"column":37},"end":{"line":9,"column":52}},{"start":{"line":9,"column":56},"end":{"line":9,"column":58}}],"line":9},"1":{"loc":{"start":{"line":10,"column":41},"end":{"line":10,"column":64}},"type":"binary-expr","locations":[{"start":{"line":10,"column":41},"end":{"line":10,"column":58}},{"start":{"line":10,"column":62},"end":{"line":10,"column":64}}],"line":10},"2":{"loc":{"start":{"line":11,"column":35},"end":{"line":11,"column":55}},"type":"binary-expr","locations":[{"start":{"line":11,"column":35},"end":{"line":11,"column":49}},{"start":{"line":11,"column":53},"end":{"line":11,"column":55}}],"line":11},"3":{"loc":{"start":{"line":17,"column":13},"end":{"line":17,"column":36}},"type":"binary-expr","locations":[{"start":{"line":17,"column":13},"end":{"line":17,"column":30}},{"start":{"line":17,"column":34},"end":{"line":17,"column":36}}],"line":17},"4":{"loc":{"start":{"line":32,"column":6},"end":{"line":36,"column":7}},"type":"if","locations":[{"start":{"line":32,"column":6},"end":{"line":36,"column":7}},{"start":{},"end":{}}],"line":32},"5":{"loc":{"start":{"line":32,"column":10},"end":{"line":32,"column":45}},"type":"binary-expr","locations":[{"start":{"line":32,"column":10},"end":{"line":32,"column":23}},{"start":{"line":32,"column":27},"end":{"line":32,"column":45}}],"line":32},"6":{"loc":{"start":{"line":38,"column":6},"end":{"line":44,"column":7}},"type":"if","locations":[{"start":{"line":38,"column":6},"end":{"line":44,"column":7}},{"start":{},"end":{}}],"line":38},"7":{"loc":{"start":{"line":39,"column":8},"end":{"line":41,"column":35}},"type":"binary-expr","locations":[{"start":{"line":39,"column":8},"end":{"line":39,"column":22}},{"start":{"line":40,"column":8},"end":{"line":40,"column":27}},{"start":{"line":41,"column":8},"end":{"line":41,"column":35}}],"line":39},"8":{"loc":{"start":{"line":57,"column":6},"end":{"line":61,"column":7}},"type":"if","locations":[{"start":{"line":57,"column":6},"end":{"line":61,"column":7}},{"start":{},"end":{}}],"line":57},"9":{"loc":{"start":{"line":57,"column":10},"end":{"line":57,"column":45}},"type":"binary-expr","locations":[{"start":{"line":57,"column":10},"end":{"line":57,"column":23}},{"start":{"line":57,"column":27},"end":{"line":57,"column":45}}],"line":57},"10":{"loc":{"start":{"line":63,"column":6},"end":{"line":69,"column":7}},"type":"if","locations":[{"start":{"line":63,"column":6},"end":{"line":69,"column":7}},{"start":{},"end":{}}],"line":63},"11":{"loc":{"start":{"line":64,"column":8},"end":{"line":66,"column":35}},"type":"binary-expr","locations":[{"start":{"line":64,"column":8},"end":{"line":64,"column":22}},{"start":{"line":65,"column":8},"end":{"line":65,"column":27}},{"start":{"line":66,"column":8},"end":{"line":66,"column":35}}],"line":64},"12":{"loc":{"start":{"line":74,"column":4},"end":{"line":77,"column":5}},"type":"if","locations":[{"start":{"line":74,"column":4},"end":{"line":77,"column":5}},{"start":{},"end":{}}],"line":74},"13":{"loc":{"start":{"line":78,"column":4},"end":{"line":81,"column":5}},"type":"if","locations":[{"start":{"line":78,"column":4},"end":{"line":81,"column":5}},{"start":{},"end":{}}],"line":78},"14":{"loc":{"start":{"line":78,"column":8},"end":{"line":78,"column":33}},"type":"binary-expr","locations":[{"start":{"line":78,"column":8},"end":{"line":78,"column":15}},{"start":{"line":78,"column":19},"end":{"line":78,"column":33}}],"line":78},"15":{"loc":{"start":{"line":84,"column":4},"end":{"line":88,"column":5}},"type":"if","locations":[{"start":{"line":84,"column":4},"end":{"line":88,"column":5}},{"start":{"line":86,"column":11},"end":{"line":88,"column":5}}],"line":84},"16":{"loc":{"start":{"line":121,"column":16},"end":{"line":123,"column":51}},"type":"cond-expr","locations":[{"start":{"line":122,"column":20},"end":{"line":122,"column":43}},{"start":{"line":123,"column":20},"end":{"line":123,"column":51}}],"line":121},"17":{"loc":{"start":{"line":133,"column":16},"end":{"line":135,"column":51}},"type":"cond-expr","locations":[{"start":{"line":134,"column":20},"end":{"line":134,"column":43}},{"start":{"line":135,"column":20},"end":{"line":135,"column":51}}],"line":133},"18":{"loc":{"start":{"line":145,"column":16},"end":{"line":147,"column":51}},"type":"cond-expr","locations":[{"start":{"line":146,"column":20},"end":{"line":146,"column":43}},{"start":{"line":147,"column":20},"end":{"line":147,"column":51}}],"line":145},"19":{"loc":{"start":{"line":157,"column":16},"end":{"line":159,"column":51}},"type":"cond-expr","locations":[{"start":{"line":158,"column":20},"end":{"line":158,"column":43}},{"start":{"line":159,"column":20},"end":{"line":159,"column":51}}],"line":157},"20":{"loc":{"start":{"line":178,"column":7},"end":{"line":180,"column":7}},"type":"binary-expr","locations":[{"start":{"line":178,"column":7},"end":{"line":178,"column":12}},{"start":{"line":179,"column":8},"end":{"line":179,"column":72}}],"line":178},"21":{"loc":{"start":{"line":186,"column":9},"end":{"line":186,"column":43}},"type":"cond-expr","locations":[{"start":{"line":186,"column":27},"end":{"line":186,"column":35}},{"start":{"line":186,"column":38},"end":{"line":186,"column":43}}],"line":186}},"s":{"0":1,"1":26,"2":26,"3":26,"4":26,"5":26,"6":0,"7":26,"8":1,"9":1,"10":1,"11":1,"12":1,"13":1,"14":0,"15":0,"16":26,"17":1,"18":1,"19":1,"20":1,"21":1,"22":1,"23":1,"24":0,"25":0,"26":26,"27":4,"28":1,"29":1,"30":3,"31":1,"32":1,"33":2,"34":2,"35":1,"36":1,"37":26,"38":18,"39":0,"40":0,"41":0,"42":0},"f":{"0":26,"1":0,"2":1,"3":1,"4":4,"5":18,"6":0,"7":0,"8":0,"9":0},"b":{"0":[26,24],"1":[26,24],"2":[26,24],"3":[26,24],"4":[1,0],"5":[1,1],"6":[0,0],"7":[0,0,0],"8":[1,0],"9":[1,1],"10":[0,0],"11":[0,0,0],"12":[1,3],"13":[1,2],"14":[3,3],"15":[1,1],"16":[0,26],"17":[0,26],"18":[0,26],"19":[0,26],"20":[26,2],"21":[2,24]},"_coverageSchema":"1a1c01bbd47fc00a2c39e90264f33305004495a9","hash":"9e0976f545c1eb90eda650bf9380062578487b53"}
,"C:\\Users\\LENOVO\\Documents\\cohort-9-mern-15275-muhammad\\frontend\\src\\pages\\Home\\Home.jsx": {"path":"C:\\Users\\LENOVO\\Documents\\cohort-9-mern-15275-muhammad\\frontend\\src\\pages\\Home\\Home.jsx","statementMap":{"0":{"start":{"line":14,"column":13},"end":{"line":226,"column":1}},"1":{"start":{"line":15,"column":50},"end":{"line":19,"column":4}},"2":{"start":{"line":21,"column":42},"end":{"line":25,"column":4}},"3":{"start":{"line":27,"column":34},"end":{"line":27,"column":46}},"4":{"start":{"line":28,"column":34},"end":{"line":28,"column":48}},"5":{"start":{"line":30,"column":34},"end":{"line":30,"column":49}},"6":{"start":{"line":32,"column":19},"end":{"line":32,"column":32}},"7":{"start":{"line":34,"column":21},"end":{"line":36,"column":3}},"8":{"start":{"line":35,"column":4},"end":{"line":35,"column":76}},"9":{"start":{"line":38,"column":27},"end":{"line":44,"column":3}},"10":{"start":{"line":39,"column":4},"end":{"line":43,"column":7}},"11":{"start":{"line":46,"column":27},"end":{"line":51,"column":3}},"12":{"start":{"line":47,"column":4},"end":{"line":50,"column":7}},"13":{"start":{"line":53,"column":22},"end":{"line":65,"column":3}},"14":{"start":{"line":54,"column":4},"end":{"line":64,"column":5}},"15":{"start":{"line":55,"column":23},"end":{"line":55,"column":59}},"16":{"start":{"line":56,"column":6},"end":{"line":58,"column":7}},"17":{"start":{"line":57,"column":8},"end":{"line":57,"column":40}},"18":{"start":{"line":60,"column":6},"end":{"line":63,"column":7}},"19":{"start":{"line":61,"column":8},"end":{"line":61,"column":29}},"20":{"start":{"line":62,"column":8},"end":{"line":62,"column":27}},"21":{"start":{"line":67,"column":22},"end":{"line":77,"column":3}},"22":{"start":{"line":68,"column":4},"end":{"line":76,"column":5}},"23":{"start":{"line":69,"column":23},"end":{"line":69,"column":64}},"24":{"start":{"line":71,"column":6},"end":{"line":73,"column":7}},"25":{"start":{"line":72,"column":8},"end":{"line":72,"column":41}},"26":{"start":{"line":75,"column":6},"end":{"line":75,"column":57}},"27":{"start":{"line":79,"column":21},"end":{"line":91,"column":3}},"28":{"start":{"line":80,"column":19},"end":{"line":80,"column":27}},"29":{"start":{"line":81,"column":4},"end":{"line":90,"column":5}},"30":{"start":{"line":82,"column":23},"end":{"line":82,"column":75}},"31":{"start":{"line":84,"column":6},"end":{"line":87,"column":7}},"32":{"start":{"line":85,"column":8},"end":{"line":85,"column":64}},"33":{"start":{"line":86,"column":8},"end":{"line":86,"column":22}},"34":{"start":{"line":89,"column":6},"end":{"line":89,"column":58}},"35":{"start":{"line":93,"column":23},"end":{"line":106,"column":3}},"36":{"start":{"line":94,"column":4},"end":{"line":105,"column":5}},"37":{"start":{"line":95,"column":23},"end":{"line":97,"column":8}},"38":{"start":{"line":99,"column":6},"end":{"line":102,"column":7}},"39":{"start":{"line":100,"column":8},"end":{"line":100,"column":26}},"40":{"start":{"line":101,"column":8},"end":{"line":101,"column":41}},"41":{"start":{"line":104,"column":6},"end":{"line":104,"column":50}},"42":{"start":{"line":108,"column":25},"end":{"line":125,"column":3}},"43":{"start":{"line":109,"column":19},"end":{"line":109,"column":31}},"44":{"start":{"line":110,"column":4},"end":{"line":124,"column":5}},"45":{"start":{"line":111,"column":23},"end":{"line":116,"column":7}},"46":{"start":{"line":118,"column":6},"end":{"line":121,"column":7}},"47":{"start":{"line":119,"column":8},"end":{"line":119,"column":61}},"48":{"start":{"line":120,"column":8},"end":{"line":120,"column":22}},"49":{"start":{"line":123,"column":6},"end":{"line":123,"column":58}},"50":{"start":{"line":127,"column":28},"end":{"line":130,"column":3}},"51":{"start":{"line":128,"column":4},"end":{"line":128,"column":23}},"52":{"start":{"line":129,"column":4},"end":{"line":129,"column":18}},"53":{"start":{"line":132,"column":2},"end":{"line":136,"column":9}},"54":{"start":{"line":133,"column":4},"end":{"line":133,"column":18}},"55":{"start":{"line":134,"column":4},"end":{"line":134,"column":18}},"56":{"start":{"line":135,"column":4},"end":{"line":135,"column":20}},"57":{"start":{"line":138,"column":27},"end":{"line":144,"column":3}},"58":{"start":{"line":139,"column":4},"end":{"line":143,"column":7}},"59":{"start":{"line":146,"column":2},"end":{"line":225,"column":4}},"60":{"start":{"line":158,"column":16},"end":{"line":169,"column":18}},"61":{"start":{"line":166,"column":32},"end":{"line":166,"column":48}},"62":{"start":{"line":167,"column":34},"end":{"line":167,"column":50}},"63":{"start":{"line":168,"column":35},"end":{"line":168,"column":55}},"64":{"start":{"line":189,"column":10},"end":{"line":189,"column":74}},"65":{"start":{"line":211,"column":12},"end":{"line":211,"column":77}}},"fnMap":{"0":{"name":"(anonymous_0)","decl":{"start":{"line":14,"column":13},"end":{"line":14,"column":14}},"loc":{"start":{"line":14,"column":19},"end":{"line":226,"column":1}},"line":14},"1":{"name":"(anonymous_1)","decl":{"start":{"line":34,"column":21},"end":{"line":34,"column":22}},"loc":{"start":{"line":34,"column":38},"end":{"line":36,"column":3}},"line":34},"2":{"name":"(anonymous_2)","decl":{"start":{"line":38,"column":27},"end":{"line":38,"column":28}},"loc":{"start":{"line":38,"column":46},"end":{"line":44,"column":3}},"line":38},"3":{"name":"(anonymous_3)","decl":{"start":{"line":46,"column":27},"end":{"line":46,"column":28}},"loc":{"start":{"line":46,"column":33},"end":{"line":51,"column":3}},"line":46},"4":{"name":"(anonymous_4)","decl":{"start":{"line":53,"column":22},"end":{"line":53,"column":23}},"loc":{"start":{"line":53,"column":34},"end":{"line":65,"column":3}},"line":53},"5":{"name":"(anonymous_5)","decl":{"start":{"line":67,"column":22},"end":{"line":67,"column":23}},"loc":{"start":{"line":67,"column":34},"end":{"line":77,"column":3}},"line":67},"6":{"name":"(anonymous_6)","decl":{"start":{"line":79,"column":21},"end":{"line":79,"column":22}},"loc":{"start":{"line":79,"column":37},"end":{"line":91,"column":3}},"line":79},"7":{"name":"(anonymous_7)","decl":{"start":{"line":93,"column":23},"end":{"line":93,"column":24}},"loc":{"start":{"line":93,"column":40},"end":{"line":106,"column":3}},"line":93},"8":{"name":"(anonymous_8)","decl":{"start":{"line":108,"column":25},"end":{"line":108,"column":26}},"loc":{"start":{"line":108,"column":45},"end":{"line":125,"column":3}},"line":108},"9":{"name":"(anonymous_9)","decl":{"start":{"line":127,"column":28},"end":{"line":127,"column":29}},"loc":{"start":{"line":127,"column":34},"end":{"line":130,"column":3}},"line":127},"10":{"name":"(anonymous_10)","decl":{"start":{"line":132,"column":12},"end":{"line":132,"column":13}},"loc":{"start":{"line":132,"column":18},"end":{"line":136,"column":3}},"line":132},"11":{"name":"(anonymous_11)","decl":{"start":{"line":135,"column":11},"end":{"line":135,"column":12}},"loc":{"start":{"line":135,"column":17},"end":{"line":135,"column":19}},"line":135},"12":{"name":"(anonymous_12)","decl":{"start":{"line":138,"column":27},"end":{"line":138,"column":28}},"loc":{"start":{"line":138,"column":33},"end":{"line":144,"column":3}},"line":138},"13":{"name":"(anonymous_13)","decl":{"start":{"line":157,"column":28},"end":{"line":157,"column":29}},"loc":{"start":{"line":158,"column":16},"end":{"line":169,"column":18}},"line":158},"14":{"name":"(anonymous_14)","decl":{"start":{"line":166,"column":26},"end":{"line":166,"column":27}},"loc":{"start":{"line":166,"column":32},"end":{"line":166,"column":48}},"line":166},"15":{"name":"(anonymous_15)","decl":{"start":{"line":167,"column":28},"end":{"line":167,"column":29}},"loc":{"start":{"line":167,"column":34},"end":{"line":167,"column":50}},"line":167},"16":{"name":"(anonymous_16)","decl":{"start":{"line":168,"column":29},"end":{"line":168,"column":30}},"loc":{"start":{"line":168,"column":35},"end":{"line":168,"column":55}},"line":168},"17":{"name":"(anonymous_17)","decl":{"start":{"line":188,"column":17},"end":{"line":188,"column":18}},"loc":{"start":{"line":188,"column":23},"end":{"line":190,"column":9}},"line":188},"18":{"name":"(anonymous_18)","decl":{"start":{"line":210,"column":19},"end":{"line":210,"column":20}},"loc":{"start":{"line":210,"column":25},"end":{"line":212,"column":11}},"line":210}},"branchMap":{"0":{"loc":{"start":{"line":56,"column":6},"end":{"line":58,"column":7}},"type":"if","locations":[{"start":{"line":56,"column":6},"end":{"line":58,"column":7}},{"start":{},"end":{}}],"line":56},"1":{"loc":{"start":{"line":56,"column":10},"end":{"line":56,"column":45}},"type":"binary-expr","locations":[{"start":{"line":56,"column":10},"end":{"line":56,"column":23}},{"start":{"line":56,"column":27},"end":{"line":56,"column":45}}],"line":56},"2":{"loc":{"start":{"line":60,"column":6},"end":{"line":63,"column":7}},"type":"if","locations":[{"start":{"line":60,"column":6},"end":{"line":63,"column":7}},{"start":{},"end":{}}],"line":60},"3":{"loc":{"start":{"line":71,"column":6},"end":{"line":73,"column":7}},"type":"if","locations":[{"start":{"line":71,"column":6},"end":{"line":73,"column":7}},{"start":{},"end":{}}],"line":71},"4":{"loc":{"start":{"line":71,"column":10},"end":{"line":71,"column":46}},"type":"binary-expr","locations":[{"start":{"line":71,"column":10},"end":{"line":71,"column":23}},{"start":{"line":71,"column":27},"end":{"line":71,"column":46}}],"line":71},"5":{"loc":{"start":{"line":84,"column":6},"end":{"line":87,"column":7}},"type":"if","locations":[{"start":{"line":84,"column":6},"end":{"line":87,"column":7}},{"start":{},"end":{}}],"line":84},"6":{"loc":{"start":{"line":84,"column":10},"end":{"line":84,"column":47}},"type":"binary-expr","locations":[{"start":{"line":84,"column":10},"end":{"line":84,"column":23}},{"start":{"line":84,"column":27},"end":{"line":84,"column":47}}],"line":84},"7":{"loc":{"start":{"line":99,"column":6},"end":{"line":102,"column":7}},"type":"if","locations":[{"start":{"line":99,"column":6},"end":{"line":102,"column":7}},{"start":{},"end":{}}],"line":99},"8":{"loc":{"start":{"line":99,"column":10},"end":{"line":99,"column":46}},"type":"binary-expr","locations":[{"start":{"line":99,"column":10},"end":{"line":99,"column":23}},{"start":{"line":99,"column":27},"end":{"line":99,"column":46}}],"line":99},"9":{"loc":{"start":{"line":118,"column":6},"end":{"line":121,"column":7}},"type":"if","locations":[{"start":{"line":118,"column":6},"end":{"line":121,"column":7}},{"start":{},"end":{}}],"line":118},"10":{"loc":{"start":{"line":118,"column":10},"end":{"line":118,"column":45}},"type":"binary-expr","locations":[{"start":{"line":118,"column":10},"end":{"line":118,"column":23}},{"start":{"line":118,"column":27},"end":{"line":118,"column":45}}],"line":118},"11":{"loc":{"start":{"line":155,"column":11},"end":{"line":181,"column":11}},"type":"cond-expr","locations":[{"start":{"line":156,"column":12},"end":{"line":171,"column":18}},{"start":{"line":173,"column":12},"end":{"line":180,"column":14}}],"line":155},"12":{"loc":{"start":{"line":174,"column":22},"end":{"line":174,"column":56}},"type":"cond-expr","locations":[{"start":{"line":174,"column":33},"end":{"line":174,"column":42}},{"start":{"line":174,"column":45},"end":{"line":174,"column":56}}],"line":174},"13":{"loc":{"start":{"line":176,"column":16},"end":{"line":178,"column":146}},"type":"cond-expr","locations":[{"start":{"line":177,"column":20},"end":{"line":177,"column":64}},{"start":{"line":178,"column":20},"end":{"line":178,"column":146}}],"line":176},"14":{"loc":{"start":{"line":203,"column":10},"end":{"line":203,"column":69}},"type":"cond-expr","locations":[{"start":{"line":203,"column":45},"end":{"line":203,"column":56}},{"start":{"line":203,"column":59},"end":{"line":203,"column":69}}],"line":203}},"s":{"0":1,"1":10,"2":10,"3":10,"4":10,"5":10,"6":10,"7":10,"8":0,"9":10,"10":0,"11":10,"12":0,"13":10,"14":5,"15":5,"16":4,"17":4,"18":1,"19":1,"20":1,"21":10,"22":5,"23":5,"24":5,"25":5,"26":0,"27":10,"28":0,"29":0,"30":0,"31":0,"32":0,"33":0,"34":0,"35":10,"36":0,"37":0,"38":0,"39":0,"40":0,"41":0,"42":10,"43":0,"44":0,"45":0,"46":0,"47":0,"48":0,"49":0,"50":10,"51":0,"52":0,"53":10,"54":5,"55":5,"56":5,"57":10,"58":0,"59":10,"60":1,"61":0,"62":0,"63":0,"64":1,"65":0},"f":{"0":10,"1":0,"2":0,"3":0,"4":5,"5":5,"6":0,"7":0,"8":0,"9":0,"10":5,"11":5,"12":0,"13":1,"14":0,"15":0,"16":0,"17":1,"18":0},"b":{"0":[4,0],"1":[4,4],"2":[1,0],"3":[5,0],"4":[5,5],"5":[0,0],"6":[0,0],"7":[0,0],"8":[0,0],"9":[0,0],"10":[0,0],"11":[1,9],"12":[0,9],"13":[0,9],"14":[0,10]},"_coverageSchema":"1a1c01bbd47fc00a2c39e90264f33305004495a9","hash":"843628ff173cf272b483024d4a27453b7a0324d7"}
,"C:\\Users\\LENOVO\\Documents\\cohort-9-mern-15275-muhammad\\frontend\\src\\pages\\Login\\Login.jsx": {"path":"C:\\Users\\LENOVO\\Documents\\cohort-9-mern-15275-muhammad\\frontend\\src\\pages\\Login\\Login.jsx","statementMap":{"0":{"start":{"line":8,"column":14},"end":{"line":93,"column":1}},"1":{"start":{"line":9,"column":28},"end":{"line":9,"column":40}},"2":{"start":{"line":10,"column":34},"end":{"line":10,"column":46}},"3":{"start":{"line":11,"column":28},"end":{"line":11,"column":42}},"4":{"start":{"line":13,"column":19},"end":{"line":13,"column":32}},"5":{"start":{"line":15,"column":22},"end":{"line":46,"column":3}},"6":{"start":{"line":16,"column":4},"end":{"line":16,"column":23}},"7":{"start":{"line":18,"column":4},"end":{"line":21,"column":5}},"8":{"start":{"line":19,"column":6},"end":{"line":19,"column":54}},"9":{"start":{"line":20,"column":6},"end":{"line":20,"column":13}},"10":{"start":{"line":22,"column":4},"end":{"line":25,"column":5}},"11":{"start":{"line":23,"column":6},"end":{"line":23,"column":44}},"12":{"start":{"line":24,"column":6},"end":{"line":24,"column":13}},"13":{"start":{"line":26,"column":4},"end":{"line":26,"column":17}},"14":{"start":{"line":28,"column":4},"end":{"line":45,"column":5}},"15":{"start":{"line":29,"column":23},"end":{"line":32,"column":8}},"16":{"start":{"line":34,"column":6},"end":{"line":37,"column":7}},"17":{"start":{"line":35,"column":8},"end":{"line":35,"column":65}},"18":{"start":{"line":36,"column":8},"end":{"line":36,"column":31}},"19":{"start":{"line":39,"column":6},"end":{"line":44,"column":7}},"20":{"start":{"line":41,"column":8},"end":{"line":41,"column":46}},"21":{"start":{"line":43,"column":8},"end":{"line":43,"column":68}},"22":{"start":{"line":47,"column":2},"end":{"line":92,"column":4}},"23":{"start":{"line":65,"column":31},"end":{"line":65,"column":55}},"24":{"start":{"line":70,"column":31},"end":{"line":70,"column":58}}},"fnMap":{"0":{"name":"(anonymous_0)","decl":{"start":{"line":8,"column":14},"end":{"line":8,"column":15}},"loc":{"start":{"line":8,"column":20},"end":{"line":93,"column":1}},"line":8},"1":{"name":"(anonymous_1)","decl":{"start":{"line":15,"column":22},"end":{"line":15,"column":23}},"loc":{"start":{"line":15,"column":35},"end":{"line":46,"column":3}},"line":15},"2":{"name":"(anonymous_2)","decl":{"start":{"line":65,"column":24},"end":{"line":65,"column":25}},"loc":{"start":{"line":65,"column":31},"end":{"line":65,"column":55}},"line":65},"3":{"name":"(anonymous_3)","decl":{"start":{"line":70,"column":24},"end":{"line":70,"column":25}},"loc":{"start":{"line":70,"column":31},"end":{"line":70,"column":58}},"line":70}},"branchMap":{"0":{"loc":{"start":{"line":18,"column":4},"end":{"line":21,"column":5}},"type":"if","locations":[{"start":{"line":18,"column":4},"end":{"line":21,"column":5}},{"start":{},"end":{}}],"line":18},"1":{"loc":{"start":{"line":22,"column":4},"end":{"line":25,"column":5}},"type":"if","locations":[{"start":{"line":22,"column":4},"end":{"line":25,"column":5}},{"start":{},"end":{}}],"line":22},"2":{"loc":{"start":{"line":34,"column":6},"end":{"line":37,"column":7}},"type":"if","locations":[{"start":{"line":34,"column":6},"end":{"line":37,"column":7}},{"start":{},"end":{}}],"line":34},"3":{"loc":{"start":{"line":34,"column":10},"end":{"line":34,"column":52}},"type":"binary-expr","locations":[{"start":{"line":34,"column":10},"end":{"line":34,"column":23}},{"start":{"line":34,"column":27},"end":{"line":34,"column":52}}],"line":34},"4":{"loc":{"start":{"line":39,"column":6},"end":{"line":44,"column":7}},"type":"if","locations":[{"start":{"line":39,"column":6},"end":{"line":44,"column":7}},{"start":{"line":42,"column":13},"end":{"line":44,"column":7}}],"line":39},"5":{"loc":{"start":{"line":40,"column":8},"end":{"line":40,"column":76}},"type":"binary-expr","locations":[{"start":{"line":40,"column":8},"end":{"line":40,"column":22}},{"start":{"line":40,"column":26},"end":{"line":40,"column":45}},{"start":{"line":40,"column":49},"end":{"line":40,"column":76}}],"line":40},"6":{"loc":{"start":{"line":73,"column":13},"end":{"line":73,"column":74}},"type":"binary-expr","locations":[{"start":{"line":73,"column":13},"end":{"line":73,"column":18}},{"start":{"line":73,"column":22},"end":{"line":73,"column":74}}],"line":73}},"s":{"0":1,"1":87,"2":87,"3":87,"4":87,"5":87,"6":4,"7":4,"8":1,"9":1,"10":3,"11":1,"12":1,"13":2,"14":2,"15":2,"16":1,"17":1,"18":1,"19":1,"20":1,"21":0,"22":87,"23":61,"24":17},"f":{"0":87,"1":4,"2":61,"3":17},"b":{"0":[1,3],"1":[1,2],"2":[1,0],"3":[1,1],"4":[1,0],"5":[1,1,1],"6":[87,3]},"_coverageSchema":"1a1c01bbd47fc00a2c39e90264f33305004495a9","hash":"11a98ee7beadb5f45ff855a7bfc7a72b42821a44"}
,"C:\\Users\\LENOVO\\Documents\\cohort-9-mern-15275-muhammad\\frontend\\src\\pages\\SignUp\\SignUp.jsx": {"path":"C:\\Users\\LENOVO\\Documents\\cohort-9-mern-15275-muhammad\\frontend\\src\\pages\\SignUp\\SignUp.jsx","statementMap":{"0":{"start":{"line":8,"column":15},"end":{"line":115,"column":1}},"1":{"start":{"line":9,"column":26},"end":{"line":9,"column":38}},"2":{"start":{"line":10,"column":28},"end":{"line":10,"column":40}},"3":{"start":{"line":11,"column":34},"end":{"line":11,"column":46}},"4":{"start":{"line":12,"column":28},"end":{"line":12,"column":42}},"5":{"start":{"line":14,"column":19},"end":{"line":14,"column":32}},"6":{"start":{"line":16,"column":23},"end":{"line":62,"column":3}},"7":{"start":{"line":17,"column":4},"end":{"line":17,"column":23}},"8":{"start":{"line":18,"column":4},"end":{"line":21,"column":5}},"9":{"start":{"line":19,"column":6},"end":{"line":19,"column":41}},"10":{"start":{"line":20,"column":6},"end":{"line":20,"column":13}},"11":{"start":{"line":23,"column":4},"end":{"line":26,"column":5}},"12":{"start":{"line":24,"column":6},"end":{"line":24,"column":54}},"13":{"start":{"line":25,"column":6},"end":{"line":25,"column":13}},"14":{"start":{"line":28,"column":4},"end":{"line":31,"column":5}},"15":{"start":{"line":29,"column":6},"end":{"line":29,"column":44}},"16":{"start":{"line":30,"column":6},"end":{"line":30,"column":13}},"17":{"start":{"line":33,"column":4},"end":{"line":33,"column":17}},"18":{"start":{"line":35,"column":4},"end":{"line":61,"column":5}},"19":{"start":{"line":36,"column":23},"end":{"line":40,"column":8}},"20":{"start":{"line":42,"column":6},"end":{"line":45,"column":7}},"21":{"start":{"line":43,"column":8},"end":{"line":43,"column":40}},"22":{"start":{"line":44,"column":8},"end":{"line":44,"column":15}},"23":{"start":{"line":47,"column":6},"end":{"line":50,"column":7}},"24":{"start":{"line":48,"column":8},"end":{"line":48,"column":65}},"25":{"start":{"line":49,"column":8},"end":{"line":49,"column":31}},"26":{"start":{"line":52,"column":6},"end":{"line":60,"column":7}},"27":{"start":{"line":57,"column":8},"end":{"line":57,"column":46}},"28":{"start":{"line":59,"column":8},"end":{"line":59,"column":68}},"29":{"start":{"line":64,"column":2},"end":{"line":114,"column":4}},"30":{"start":{"line":82,"column":31},"end":{"line":82,"column":54}},"31":{"start":{"line":89,"column":31},"end":{"line":89,"column":55}},"32":{"start":{"line":93,"column":31},"end":{"line":93,"column":58}}},"fnMap":{"0":{"name":"(anonymous_0)","decl":{"start":{"line":8,"column":15},"end":{"line":8,"column":16}},"loc":{"start":{"line":8,"column":21},"end":{"line":115,"column":1}},"line":8},"1":{"name":"(anonymous_1)","decl":{"start":{"line":16,"column":23},"end":{"line":16,"column":24}},"loc":{"start":{"line":16,"column":36},"end":{"line":62,"column":3}},"line":16},"2":{"name":"(anonymous_2)","decl":{"start":{"line":82,"column":24},"end":{"line":82,"column":25}},"loc":{"start":{"line":82,"column":31},"end":{"line":82,"column":54}},"line":82},"3":{"name":"(anonymous_3)","decl":{"start":{"line":89,"column":24},"end":{"line":89,"column":25}},"loc":{"start":{"line":89,"column":31},"end":{"line":89,"column":55}},"line":89},"4":{"name":"(anonymous_4)","decl":{"start":{"line":93,"column":24},"end":{"line":93,"column":25}},"loc":{"start":{"line":93,"column":31},"end":{"line":93,"column":58}},"line":93}},"branchMap":{"0":{"loc":{"start":{"line":18,"column":4},"end":{"line":21,"column":5}},"type":"if","locations":[{"start":{"line":18,"column":4},"end":{"line":21,"column":5}},{"start":{},"end":{}}],"line":18},"1":{"loc":{"start":{"line":23,"column":4},"end":{"line":26,"column":5}},"type":"if","locations":[{"start":{"line":23,"column":4},"end":{"line":26,"column":5}},{"start":{},"end":{}}],"line":23},"2":{"loc":{"start":{"line":28,"column":4},"end":{"line":31,"column":5}},"type":"if","locations":[{"start":{"line":28,"column":4},"end":{"line":31,"column":5}},{"start":{},"end":{}}],"line":28},"3":{"loc":{"start":{"line":42,"column":6},"end":{"line":45,"column":7}},"type":"if","locations":[{"start":{"line":42,"column":6},"end":{"line":45,"column":7}},{"start":{},"end":{}}],"line":42},"4":{"loc":{"start":{"line":42,"column":10},"end":{"line":42,"column":46}},"type":"binary-expr","locations":[{"start":{"line":42,"column":10},"end":{"line":42,"column":23}},{"start":{"line":42,"column":27},"end":{"line":42,"column":46}}],"line":42},"5":{"loc":{"start":{"line":47,"column":6},"end":{"line":50,"column":7}},"type":"if","locations":[{"start":{"line":47,"column":6},"end":{"line":50,"column":7}},{"start":{},"end":{}}],"line":47},"6":{"loc":{"start":{"line":47,"column":9},"end":{"line":47,"column":51}},"type":"binary-expr","locations":[{"start":{"line":47,"column":9},"end":{"line":47,"column":22}},{"start":{"line":47,"column":26},"end":{"line":47,"column":51}}],"line":47},"7":{"loc":{"start":{"line":52,"column":6},"end":{"line":60,"column":7}},"type":"if","locations":[{"start":{"line":52,"column":6},"end":{"line":60,"column":7}},{"start":{"line":58,"column":13},"end":{"line":60,"column":7}}],"line":52},"8":{"loc":{"start":{"line":53,"column":8},"end":{"line":55,"column":35}},"type":"binary-expr","locations":[{"start":{"line":53,"column":8},"end":{"line":53,"column":22}},{"start":{"line":54,"column":8},"end":{"line":54,"column":27}},{"start":{"line":55,"column":8},"end":{"line":55,"column":35}}],"line":53},"9":{"loc":{"start":{"line":95,"column":13},"end":{"line":95,"column":74}},"type":"binary-expr","locations":[{"start":{"line":95,"column":13},"end":{"line":95,"column":18}},{"start":{"line":95,"column":22},"end":{"line":95,"column":74}}],"line":95}},"s":{"0":1,"1":69,"2":69,"3":69,"4":69,"5":69,"6":69,"7":3,"8":3,"9":1,"10":1,"11":2,"12":0,"13":0,"14":2,"15":0,"16":0,"17":2,"18":2,"19":2,"20":2,"21":1,"22":1,"23":1,"24":1,"25":1,"26":0,"27":0,"28":0,"29":69,"30":18,"31":32,"32":12},"f":{"0":69,"1":3,"2":18,"3":32,"4":12},"b":{"0":[1,2],"1":[0,2],"2":[0,2],"3":[1,1],"4":[2,2],"5":[1,0],"6":[1,1],"7":[0,0],"8":[0,0,0],"9":[69,2]},"_coverageSchema":"1a1c01bbd47fc00a2c39e90264f33305004495a9","hash":"19af30c5d384f9d00cfdd87ce1d0ea1aefca73cc"}
,"C:\\Users\\LENOVO\\Documents\\cohort-9-mern-15275-muhammad\\frontend\\src\\test\\fileMock.cjs": {"path":"C:\\Users\\LENOVO\\Documents\\cohort-9-mern-15275-muhammad\\frontend\\src\\test\\fileMock.cjs","statementMap":{"0":{"start":{"line":1,"column":0},"end":{"line":1,"column":34}}},"fnMap":{},"branchMap":{},"s":{"0":1},"f":{},"b":{},"inputSourceMap":null,"_coverageSchema":"1a1c01bbd47fc00a2c39e90264f33305004495a9","hash":"e3e0e20a8d79819aa522a1cc9d9bda20fb78059a"}
,"C:\\Users\\LENOVO\\Documents\\cohort-9-mern-15275-muhammad\\frontend\\src\\utils\\helper.js": {"path":"C:\\Users\\LENOVO\\Documents\\cohort-9-mern-15275-muhammad\\frontend\\src\\utils\\helper.js","statementMap":{"0":{"start":{"line":1,"column":29},"end":{"line":4,"column":1}},"1":{"start":{"line":2,"column":16},"end":{"line":2,"column":44}},"2":{"start":{"line":3,"column":2},"end":{"line":3,"column":27}},"3":{"start":{"line":7,"column":27},"end":{"line":18,"column":1}},"4":{"start":{"line":8,"column":2},"end":{"line":8,"column":23}},"5":{"start":{"line":8,"column":13},"end":{"line":8,"column":23}},"6":{"start":{"line":10,"column":16},"end":{"line":10,"column":31}},"7":{"start":{"line":11,"column":17},"end":{"line":11,"column":19}},"8":{"start":{"line":13,"column":2},"end":{"line":15,"column":3}},"9":{"start":{"line":13,"column":15},"end":{"line":13,"column":16}},"10":{"start":{"line":14,"column":4},"end":{"line":14,"column":28}},"11":{"start":{"line":17,"column":2},"end":{"line":17,"column":32}}},"fnMap":{"0":{"name":"(anonymous_0)","decl":{"start":{"line":1,"column":29},"end":{"line":1,"column":30}},"loc":{"start":{"line":1,"column":40},"end":{"line":4,"column":1}},"line":1},"1":{"name":"(anonymous_1)","decl":{"start":{"line":7,"column":27},"end":{"line":7,"column":28}},"loc":{"start":{"line":7,"column":37},"end":{"line":18,"column":1}},"line":7}},"branchMap":{"0":{"loc":{"start":{"line":8,"column":2},"end":{"line":8,"column":23}},"type":"if","locations":[{"start":{"line":8,"column":2},"end":{"line":8,"column":23}},{"start":{},"end":{}}],"line":8}},"s":{"0":2,"1":8,"2":8,"3":2,"4":5,"5":1,"6":4,"7":4,"8":4,"9":4,"10":7,"11":4},"f":{"0":8,"1":5},"b":{"0":[1,4]},"_coverageSchema":"1a1c01bbd47fc00a2c39e90264f33305004495a9","hash":"a2f97adaf5648c3402199684c110b65f880fbb37"}
}
