TN:
SF:src\components\Cards\NoteCard.jsx
FN:46,(anonymous_0)
FN:89,(anonymous_1)
FNF:2
FNH:2
FNDA:2,(anonymous_0)
FNDA:2,(anonymous_1)
DA:7,1
DA:46,1
DA:58,2
DA:59,2
DA:90,2
LF:5
LH:5
BRDA:58,0,0,2
BRDA:58,0,1,0
BRDA:74,1,0,0
BRDA:74,1,1,2
BRDA:87,2,0,2
BRDA:87,2,1,2
BRF:6
BRH:4
end_of_record
TN:
SF:src\components\Cards\ProfileInfo.jsx
FN:4,(anonymous_0)
FNF:1
FNH:1
FNDA:2,(anonymous_0)
DA:4,1
DA:5,2
LF:2
LH:2
BRF:0
BRH:0
end_of_record
TN:
SF:src\components\EmptyCard\EmptyCard.jsx
FN:3,(anonymous_0)
FNF:1
FNH:1
FNDA:1,(anonymous_0)
DA:3,1
DA:4,1
LF:2
LH:2
BRF:0
BRH:0
end_of_record
TN:
SF:src\components\Input\PasswordInput.jsx
FN:4,(anonymous_0)
FN:7,(anonymous_1)
FN:25,(anonymous_2)
FN:31,(anonymous_3)
FNF:4
FNH:4
FNDA:160,(anonymous_0)
FNDA:2,(anonymous_1)
FNDA:1,(anonymous_2)
FNDA:1,(anonymous_3)
DA:4,2
DA:5,160
DA:7,160
DA:8,2
DA:11,160
DA:25,1
DA:31,1
LF:7
LH:7
BRDA:16,0,0,1
BRDA:16,0,1,159
BRDA:17,1,0,160
BRDA:17,1,1,160
BRDA:21,2,0,1
BRDA:21,2,1,159
BRF:6
BRH:6
end_of_record
TN:
SF:src\components\Input\TagInput.jsx
FN:4,(anonymous_0)
FN:7,(anonymous_1)
FN:11,(anonymous_2)
FN:18,(anonymous_3)
FN:24,(anonymous_4)
FN:25,(anonymous_5)
FN:32,(anonymous_6)
FN:39,(anonymous_7)
FN:61,(anonymous_8)
FNF:9
FNH:9
FNDA:48,(anonymous_0)
FNDA:17,(anonymous_1)
FNDA:2,(anonymous_2)
FNDA:18,(anonymous_3)
FNDA:1,(anonymous_4)
FNDA:2,(anonymous_5)
FNDA:4,(anonymous_6)
FNDA:1,(anonymous_7)
FNDA:1,(anonymous_8)
DA:4,2
DA:5,48
DA:7,48
DA:8,17
DA:11,48
DA:12,2
DA:13,2
DA:14,2
DA:18,48
DA:19,18
DA:20,1
DA:24,48
DA:25,2
DA:28,48
DA:33,4
DA:40,1
DA:62,1
LF:17
LH:17
BRDA:12,0,0,2
BRDA:12,0,1,0
BRDA:19,1,0,1
BRDA:19,1,1,17
BRDA:30,2,0,48
BRDA:30,2,1,3
BRF:6
BRH:5
end_of_record
TN:
SF:src\components\SearchBar\SearchBar.jsx
FN:5,(anonymous_0)
FN:14,(anonymous_1)
FNF:2
FNH:2
FNDA:3,(anonymous_0)
FNDA:1,(anonymous_1)
DA:5,1
DA:6,3
DA:15,1
DA:16,1
LF:4
LH:4
BRDA:15,0,0,1
BRDA:15,0,1,0
BRDA:21,1,0,3
BRDA:21,1,1,2
BRF:4
BRH:3
end_of_record
TN:
SF:src\components\ToastMessage\Toast.jsx
FN:5,(anonymous_0)
FN:6,(anonymous_1)
FN:9,(anonymous_2)
FN:13,(anonymous_3)
FNF:4
FNH:4
FNDA:2,(anonymous_0)
FNDA:2,(anonymous_1)
FNDA:1,(anonymous_2)
FNDA:2,(anonymous_3)
DA:5,1
DA:6,2
DA:7,2
DA:9,2
DA:10,1
DA:13,2
DA:15,2
LF:7
LH:7
BRDA:7,0,0,0
BRDA:7,0,1,2
BRDA:18,1,0,2
BRDA:18,1,1,0
BRDA:23,2,0,1
BRDA:23,2,1,1
BRDA:29,3,0,1
BRDA:29,3,1,1
BRDA:32,4,0,1
BRDA:32,4,1,1
BRF:10
BRH:8
end_of_record
TN:
SF:src\pages\Home\AddEditNotes.jsx
FN:8,(anonymous_0)
FN:19,(anonymous_1)
FN:24,(anonymous_2)
FN:48,(anonymous_3)
FN:73,(anonymous_4)
FN:108,(anonymous_5)
FN:119,(anonymous_6)
FN:131,(anonymous_7)
FN:143,(anonymous_8)
FN:155,(anonymous_9)
FNF:10
FNH:5
FNDA:26,(anonymous_0)
FNDA:0,(anonymous_1)
FNDA:1,(anonymous_2)
FNDA:1,(anonymous_3)
FNDA:4,(anonymous_4)
FNDA:18,(anonymous_5)
FNDA:0,(anonymous_6)
FNDA:0,(anonymous_7)
FNDA:0,(anonymous_8)
FNDA:0,(anonymous_9)
DA:8,1
DA:9,26
DA:10,26
DA:11,26
DA:13,26
DA:15,26
DA:20,0
DA:24,26
DA:25,1
DA:26,1
DA:32,1
DA:33,1
DA:34,1
DA:35,1
DA:38,0
DA:43,0
DA:48,26
DA:49,1
DA:50,1
DA:51,1
DA:57,1
DA:58,1
DA:59,1
DA:60,1
DA:63,0
DA:68,0
DA:73,26
DA:74,4
DA:75,1
DA:76,1
DA:78,3
DA:79,1
DA:80,1
DA:82,2
DA:84,2
DA:85,1
DA:87,1
DA:90,26
DA:108,18
DA:119,0
DA:131,0
DA:143,0
DA:155,0
LF:43
LH:34
BRDA:9,0,0,26
BRDA:9,0,1,24
BRDA:10,1,0,26
BRDA:10,1,1,24
BRDA:11,2,0,26
BRDA:11,2,1,24
BRDA:17,3,0,26
BRDA:17,3,1,24
BRDA:32,4,0,1
BRDA:32,4,1,0
BRDA:32,5,0,1
BRDA:32,5,1,1
BRDA:38,6,0,0
BRDA:38,6,1,0
BRDA:39,7,0,0
BRDA:39,7,1,0
BRDA:39,7,2,0
BRDA:57,8,0,1
BRDA:57,8,1,0
BRDA:57,9,0,1
BRDA:57,9,1,1
BRDA:63,10,0,0
BRDA:63,10,1,0
BRDA:64,11,0,0
BRDA:64,11,1,0
BRDA:64,11,2,0
BRDA:74,12,0,1
BRDA:74,12,1,3
BRDA:78,13,0,1
BRDA:78,13,1,2
BRDA:78,14,0,3
BRDA:78,14,1,3
BRDA:84,15,0,1
BRDA:84,15,1,1
BRDA:121,16,0,0
BRDA:121,16,1,26
BRDA:133,17,0,0
BRDA:133,17,1,26
BRDA:145,18,0,0
BRDA:145,18,1,26
BRDA:157,19,0,0
BRDA:157,19,1,26
BRDA:178,20,0,26
BRDA:178,20,1,2
BRDA:186,21,0,2
BRDA:186,21,1,24
BRF:46
BRH:30
end_of_record
TN:
SF:src\pages\Home\Home.jsx
FN:14,(anonymous_0)
FN:34,(anonymous_1)
FN:38,(anonymous_2)
FN:46,(anonymous_3)
FN:53,(anonymous_4)
FN:67,(anonymous_5)
FN:79,(anonymous_6)
FN:93,(anonymous_7)
FN:108,(anonymous_8)
FN:127,(anonymous_9)
FN:132,(anonymous_10)
FN:135,(anonymous_11)
FN:138,(anonymous_12)
FN:157,(anonymous_13)
FN:166,(anonymous_14)
FN:167,(anonymous_15)
FN:168,(anonymous_16)
FN:188,(anonymous_17)
FN:210,(anonymous_18)
FNF:19
FNH:7
FNDA:10,(anonymous_0)
FNDA:0,(anonymous_1)
FNDA:0,(anonymous_2)
FNDA:0,(anonymous_3)
FNDA:5,(anonymous_4)
FNDA:5,(anonymous_5)
FNDA:0,(anonymous_6)
FNDA:0,(anonymous_7)
FNDA:0,(anonymous_8)
FNDA:0,(anonymous_9)
FNDA:5,(anonymous_10)
FNDA:5,(anonymous_11)
FNDA:0,(anonymous_12)
FNDA:1,(anonymous_13)
FNDA:0,(anonymous_14)
FNDA:0,(anonymous_15)
FNDA:0,(anonymous_16)
FNDA:1,(anonymous_17)
FNDA:0,(anonymous_18)
DA:14,1
DA:15,10
DA:21,10
DA:27,10
DA:28,10
DA:30,10
DA:32,10
DA:34,10
DA:35,0
DA:38,10
DA:39,0
DA:46,10
DA:47,0
DA:53,10
DA:54,5
DA:55,5
DA:56,4
DA:57,4
DA:60,1
DA:61,1
DA:62,1
DA:67,10
DA:68,5
DA:69,5
DA:71,5
DA:72,5
DA:75,0
DA:79,10
DA:80,0
DA:81,0
DA:82,0
DA:84,0
DA:85,0
DA:86,0
DA:89,0
DA:93,10
DA:94,0
DA:95,0
DA:99,0
DA:100,0
DA:101,0
DA:104,0
DA:108,10
DA:109,0
DA:110,0
DA:111,0
DA:118,0
DA:119,0
DA:120,0
DA:123,0
DA:127,10
DA:128,0
DA:129,0
DA:132,10
DA:133,5
DA:134,5
DA:135,5
DA:138,10
DA:139,0
DA:146,10
DA:158,1
DA:166,0
DA:167,0
DA:168,0
DA:189,1
DA:211,0
LF:66
LH:35
BRDA:56,0,0,4
BRDA:56,0,1,0
BRDA:56,1,0,4
BRDA:56,1,1,4
BRDA:60,2,0,1
BRDA:60,2,1,0
BRDA:71,3,0,5
BRDA:71,3,1,0
BRDA:71,4,0,5
BRDA:71,4,1,5
BRDA:84,5,0,0
BRDA:84,5,1,0
BRDA:84,6,0,0
BRDA:84,6,1,0
BRDA:99,7,0,0
BRDA:99,7,1,0
BRDA:99,8,0,0
BRDA:99,8,1,0
BRDA:118,9,0,0
BRDA:118,9,1,0
BRDA:118,10,0,0
BRDA:118,10,1,0
BRDA:155,11,0,1
BRDA:155,11,1,9
BRDA:174,12,0,0
BRDA:174,12,1,9
BRDA:176,13,0,0
BRDA:176,13,1,9
BRDA:203,14,0,0
BRDA:203,14,1,10
BRF:30
BRH:12
end_of_record
TN:
SF:src\pages\Login\Login.jsx
FN:8,(anonymous_0)
FN:15,(anonymous_1)
FN:65,(anonymous_2)
FN:70,(anonymous_3)
FNF:4
FNH:4
FNDA:87,(anonymous_0)
FNDA:4,(anonymous_1)
FNDA:61,(anonymous_2)
FNDA:17,(anonymous_3)
DA:8,1
DA:9,87
DA:10,87
DA:11,87
DA:13,87
DA:15,87
DA:16,4
DA:18,4
DA:19,1
DA:20,1
DA:22,3
DA:23,1
DA:24,1
DA:26,2
DA:28,2
DA:29,2
DA:34,1
DA:35,1
DA:36,1
DA:39,1
DA:41,1
DA:43,0
DA:47,87
DA:65,61
DA:70,17
LF:25
LH:24
BRDA:18,0,0,1
BRDA:18,0,1,3
BRDA:22,1,0,1
BRDA:22,1,1,2
BRDA:34,2,0,1
BRDA:34,2,1,0
BRDA:34,3,0,1
BRDA:34,3,1,1
BRDA:39,4,0,1
BRDA:39,4,1,0
BRDA:40,5,0,1
BRDA:40,5,1,1
BRDA:40,5,2,1
BRDA:73,6,0,87
BRDA:73,6,1,3
BRF:15
BRH:13
end_of_record
TN:
SF:src\pages\SignUp\SignUp.jsx
FN:8,(anonymous_0)
FN:16,(anonymous_1)
FN:82,(anonymous_2)
FN:89,(anonymous_3)
FN:93,(anonymous_4)
FNF:5
FNH:5
FNDA:69,(anonymous_0)
FNDA:3,(anonymous_1)
FNDA:18,(anonymous_2)
FNDA:32,(anonymous_3)
FNDA:12,(anonymous_4)
DA:8,1
DA:9,69
DA:10,69
DA:11,69
DA:12,69
DA:14,69
DA:16,69
DA:17,3
DA:18,3
DA:19,1
DA:20,1
DA:23,2
DA:24,0
DA:25,0
DA:28,2
DA:29,0
DA:30,0
DA:33,2
DA:35,2
DA:36,2
DA:42,2
DA:43,1
DA:44,1
DA:47,1
DA:48,1
DA:49,1
DA:52,0
DA:57,0
DA:59,0
DA:64,69
DA:82,18
DA:89,32
DA:93,12
LF:33
LH:26
BRDA:18,0,0,1
BRDA:18,0,1,2
BRDA:23,1,0,0
BRDA:23,1,1,2
BRDA:28,2,0,0
BRDA:28,2,1,2
BRDA:42,3,0,1
BRDA:42,3,1,1
BRDA:42,4,0,2
BRDA:42,4,1,2
BRDA:47,5,0,1
BRDA:47,5,1,0
BRDA:47,6,0,1
BRDA:47,6,1,1
BRDA:52,7,0,0
BRDA:52,7,1,0
BRDA:53,8,0,0
BRDA:53,8,1,0
BRDA:53,8,2,0
BRDA:95,9,0,69
BRDA:95,9,1,2
BRF:21
BRH:13
end_of_record
TN:
SF:src\test\fileMock.cjs
FNF:0
FNH:0
DA:1,1
LF:1
LH:1
BRF:0
BRH:0
end_of_record
TN:
SF:src\utils\helper.js
FN:1,(anonymous_0)
FN:7,(anonymous_1)
FNF:2
FNH:2
FNDA:8,(anonymous_0)
FNDA:5,(anonymous_1)
DA:1,2
DA:2,8
DA:3,8
DA:7,2
DA:8,5
DA:10,4
DA:11,4
DA:13,4
DA:14,7
DA:17,4
LF:10
LH:10
BRDA:8,0,0,1
BRDA:8,0,1,4
BRF:2
BRH:2
end_of_record
